Error creating/updating rating: MongoServerError: E11000 duplicate key error collection: GamingHouse.ratings index: movieId_1_userId_1 dup key: { movieId: null, userId: "user_35455dbn99MgVqguqXwDldnJBak" }
    at InsertOneOperation.execute (D:\Gaming House\Gaming House\backend\node_modules\mongodb\lib\operations\insert.js:51:19)
    at process.processTicksAndRejections (node:internal/process/task_queues:105:5)
    at async tryOperation (D:\Gaming House\Gaming House\backend\node_modules\mongodb\lib\operations\execute_operation.js:207:20)
    at async executeOperation (D:\Gaming House\Gaming House\backend\node_modules\mongodb\lib\operations\execute_operation.js:75:16)
    at async Collection.insertOne (D:\Gaming House\Gaming House\backend\node_modules\mongodb\lib\collection.js:157:16) {
  errorLabelSet: Set(0) {},
  errorResponse: {
    index: 0,
    code: 11000,
    errmsg: 'E11000 duplicate key error collection: GamingHouse.ratings index: movieId_1_userId_1 dup key: { movieId: null, userId: "user_35455dbn99MgVqguqXwDldnJBak" }',
    keyPattern: { movieId: 1, userId: 1 },
    keyValue: { movieId: null, userId: 'user_35455dbn99MgVqguqXwDldnJBak' }
  },
  index: 0,
  code: 11000,
  keyPattern: { movieId: 1, userId: 1 },
  keyValue: { movieId: null, userId: 'user_35455dbn99MgVqguqXwDldnJBak' }
}
Unhandled error: SyntaxError: Expected property name or '}' in JSON at position 1 (line 1 column 2)
    at JSON.parse (<anonymous>)
    at parse (D:\Gaming House\Gaming House\backend\node_modules\body-parser\lib\types\json.js:77:19)
    at D:\Gaming House\Gaming House\backend\node_modules\body-parser\lib\read.js:123:18
    at AsyncResource.runInAsyncScope (node:async_hooks:214:14)
    at invokeCallback (D:\Gaming House\Gaming House\backend\node_modules\raw-body\index.js:238:16)
    at done (D:\Gaming House\Gaming House\backend\node_modules\raw-body\index.js:227:7)
    at IncomingMessage.onEnd (D:\Gaming House\Gaming House\backend\node_modules\raw-body\index.js:287:7)
    at IncomingMessage.emit (node:events:518:28)
    at endReadableNT (node:internal/streams/readable:1698:12)
    at process.processTicksAndRejections (node:internal/process/task_queues:90:21) {
  expose: true,
  statusCode: 400,
  status: 400,
  body: '{\\',
  type: 'entity.parse.failed'
}
Error creating/updating rating: MongoServerError: E11000 duplicate key error collection: GamingHouse.ratings index: movieId_1_userId_1 dup key: { movieId: null, userId: "user_35455dbn99MgVqguqXwDldnJBak" }
    at InsertOneOperation.execute (D:\Gaming House\Gaming House\backend\node_modules\mongodb\lib\operations\insert.js:51:19)
    at process.processTicksAndRejections (node:internal/process/task_queues:105:5)
    at async tryOperation (D:\Gaming House\Gaming House\backend\node_modules\mongodb\lib\operations\execute_operation.js:207:20)
    at async executeOperation (D:\Gaming House\Gaming House\backend\node_modules\mongodb\lib\operations\execute_operation.js:75:16)
    at async Collection.insertOne (D:\Gaming House\Gaming House\backend\node_modules\mongodb\lib\collection.js:157:16) {
  errorLabelSet: Set(0) {},
  errorResponse: {
    index: 0,
    code: 11000,
    errmsg: 'E11000 duplicate key error collection: GamingHouse.ratings index: movieId_1_userId_1 dup key: { movieId: null, userId: "user_35455dbn99MgVqguqXwDldnJBak" }',
    keyPattern: { movieId: 1, userId: 1 },
    keyValue: { movieId: null, userId: 'user_35455dbn99MgVqguqXwDldnJBak' }
  },
  index: 0,
  code: 11000,
  keyPattern: { movieId: 1, userId: 1 },
  keyValue: { movieId: null, userId: 'user_35455dbn99MgVqguqXwDldnJBak' }
}
Error creating/updating rating: MongoServerError: E11000 duplicate key error collection: GamingHouse.ratings index: movieId_1_userId_1 dup key: { movieId: null, userId: "user_35455dbn99MgVqguqXwDldnJBak" }
    at InsertOneOperation.execute (D:\Gaming House\Gaming House\backend\node_modules\mongodb\lib\operations\insert.js:51:19)
    at process.processTicksAndRejections (node:internal/process/task_queues:105:5)
    at async tryOperation (D:\Gaming House\Gaming House\backend\node_modules\mongodb\lib\operations\execute_operation.js:207:20)
    at async executeOperation (D:\Gaming House\Gaming House\backend\node_modules\mongodb\lib\operations\execute_operation.js:75:16)
    at async Collection.insertOne (D:\Gaming House\Gaming House\backend\node_modules\mongodb\lib\collection.js:157:16) {
  errorLabelSet: Set(0) {},
  errorResponse: {
    index: 0,
    code: 11000,
    errmsg: 'E11000 duplicate key error collection: GamingHouse.ratings index: movieId_1_userId_1 dup key: { movieId: null, userId: "user_35455dbn99MgVqguqXwDldnJBak" }',
    keyPattern: { movieId: 1, userId: 1 },
    keyValue: { movieId: null, userId: 'user_35455dbn99MgVqguqXwDldnJBak' }
  },
  index: 0,
  code: 11000,
  keyPattern: { movieId: 1, userId: 1 },
  keyValue: { movieId: null, userId: 'user_35455dbn99MgVqguqXwDldnJBak' }
}
Error creating/updating rating: MongoServerError: E11000 duplicate key error collection: GamingHouse.ratings index: movieId_1_userId_1 dup key: { movieId: null, userId: "user_35455dbn99MgVqguqXwDldnJBak" }
    at InsertOneOperation.execute (D:\Gaming House\Gaming House\backend\node_modules\mongodb\lib\operations\insert.js:51:19)
    at process.processTicksAndRejections (node:internal/process/task_queues:105:5)
    at async tryOperation (D:\Gaming House\Gaming House\backend\node_modules\mongodb\lib\operations\execute_operation.js:207:20)
    at async executeOperation (D:\Gaming House\Gaming House\backend\node_modules\mongodb\lib\operations\execute_operation.js:75:16)
    at async Collection.insertOne (D:\Gaming House\Gaming House\backend\node_modules\mongodb\lib\collection.js:157:16) {
  errorLabelSet: Set(0) {},
  errorResponse: {
    index: 0,
    code: 11000,
    errmsg: 'E11000 duplicate key error collection: GamingHouse.ratings index: movieId_1_userId_1 dup key: { movieId: null, userId: "user_35455dbn99MgVqguqXwDldnJBak" }',
    keyPattern: { movieId: 1, userId: 1 },
    keyValue: { movieId: null, userId: 'user_35455dbn99MgVqguqXwDldnJBak' }
  },
  index: 0,
  code: 11000,
  keyPattern: { movieId: 1, userId: 1 },
  keyValue: { movieId: null, userId: 'user_35455dbn99MgVqguqXwDldnJBak' }
}
Error creating/updating rating: MongoServerError: E11000 duplicate key error collection: GamingHouse.ratings index: movieId_1_userId_1 dup key: { movieId: null, userId: "user_35455dbn99MgVqguqXwDldnJBak" }
    at InsertOneOperation.execute (D:\Gaming House\Gaming House\backend\node_modules\mongodb\lib\operations\insert.js:51:19)
    at process.processTicksAndRejections (node:internal/process/task_queues:105:5)
    at async tryOperation (D:\Gaming House\Gaming House\backend\node_modules\mongodb\lib\operations\execute_operation.js:207:20)
    at async executeOperation (D:\Gaming House\Gaming House\backend\node_modules\mongodb\lib\operations\execute_operation.js:75:16)
    at async Collection.insertOne (D:\Gaming House\Gaming House\backend\node_modules\mongodb\lib\collection.js:157:16) {
  errorLabelSet: Set(0) {},
  errorResponse: {
    index: 0,
    code: 11000,
    errmsg: 'E11000 duplicate key error collection: GamingHouse.ratings index: movieId_1_userId_1 dup key: { movieId: null, userId: "user_35455dbn99MgVqguqXwDldnJBak" }',
    keyPattern: { movieId: 1, userId: 1 },
    keyValue: { movieId: null, userId: 'user_35455dbn99MgVqguqXwDldnJBak' }
  },
  index: 0,
  code: 11000,
  keyPattern: { movieId: 1, userId: 1 },
  keyValue: { movieId: null, userId: 'user_35455dbn99MgVqguqXwDldnJBak' }
}
